<?xml version="1.0" encoding="UTF-8"?>
<testng-results ignored="0" total="1" passed="1" failed="0" skipped="0">
  <reporter-output>
  </reporter-output>
  <suite started-at="2025-09-16T16:06:33 IST" name="Default suite" finished-at="2025-09-16T16:06:36 IST" duration-ms="2121">
    <groups>
    </groups>
    <test started-at="2025-09-16T16:06:33 IST" name="Default test" finished-at="2025-09-16T16:06:36 IST" duration-ms="2121">
      <class name="ResponseValidation.VerifyData_complexJsonPath">
        <test-method signature="sampleTest()[pri:0, instance:ResponseValidation.VerifyData_complexJsonPath@16ec5519]" started-at="2025-09-16T16:06:33 IST" name="sampleTest" finished-at="2025-09-16T16:06:36 IST" duration-ms="2061" status="PASS">
          <reporter-output>
          </reporter-output>
        </test-method> <!-- sampleTest -->
      </class> <!-- ResponseValidation.VerifyData_complexJsonPath -->
    </test> <!-- Default test -->
  </suite> <!-- Default suite -->
</testng-results>
