<?xml version="1.0" encoding="UTF-8"?>
<!-- Generated by org.testng.reporters.JUnitReportReporter -->
<testsuite hostname="LAPTOP-ILEVVRC8" failures="0" tests="2" name="com.ninza.hrm.api.employetest.ProjectTest" time="3.242" errors="0" timestamp="2025-10-08T17:29:08 IST" skipped="0">
  <testcase classname="com.ninza.hrm.api.employetest.ProjectTest" name="createDuplicateProjectTest" time="0.131"/>
  <testcase classname="com.ninza.hrm.api.employetest.ProjectTest" name="addSingleprojectWithCreatedTest" time="3.111"/>
</testsuite> <!-- com.ninza.hrm.api.employetest.ProjectTest -->
