<?xml version="1.0" encoding="UTF-8"?>
<!-- Generated by org.testng.reporters.JUnitXMLReporter -->
<testsuite ignored="0" hostname="LAPTOP-ILEVVRC8" failures="0" tests="10" name="Default test" time="10.919" errors="0" timestamp="2025-09-23T11:19:07 IST">
  <testcase classname="DataDrivenTesting.AddMultupleProjectUsingExcelTest" name="sampleTest" time="1.332"/>
  <testcase classname="DataDrivenTesting.AddMultupleProjectUsingExcelTest" name="sampleTest" time="0.035"/>
  <testcase classname="DataDrivenTesting.AddMultupleProjectUsingExcelTest" name="sampleTest" time="0.017"/>
  <testcase classname="DataDrivenTesting.AddMultupleProjectUsingExcelTest" name="sampleTest" time="1.061"/>
  <testcase classname="DataDrivenTesting.AddMultupleProjectUsingExcelTest" name="sampleTest" time="1.221"/>
  <testcase classname="DataDrivenTesting.AddMultupleProjectUsingExcelTest" name="sampleTest" time="1.219"/>
  <testcase classname="DataDrivenTesting.AddMultupleProjectUsingExcelTest" name="sampleTest" time="1.227"/>
  <testcase classname="DataDrivenTesting.AddMultupleProjectUsingExcelTest" name="sampleTest" time="1.23"/>
  <testcase classname="DataDrivenTesting.AddMultupleProjectUsingExcelTest" name="sampleTest" time="1.222"/>
  <testcase classname="DataDrivenTesting.AddMultupleProjectUsingExcelTest" name="sampleTest" time="1.225"/>
</testsuite> <!-- Default test -->
